[debug] [2023-10-06T05:29:03.827Z] ----------------------------------------------------------------------
[debug] [2023-10-06T05:29:03.830Z] Command:       C:\Program Files\nodejs\node.exe C:\Users\CherryPie\AppData\Roaming\npm\node_modules\firebase-tools\lib\bin\firebase.js init
[debug] [2023-10-06T05:29:03.830Z] CLI Version:   12.6.2
[debug] [2023-10-06T05:29:03.830Z] Platform:      win32
[debug] [2023-10-06T05:29:03.830Z] Node Version:  v20.3.0
[debug] [2023-10-06T05:29:03.830Z] Time:          Fri Oct 06 2023 08:29:03 GMT+0300 (Eastern European Summer Time)
[debug] [2023-10-06T05:29:03.830Z] ----------------------------------------------------------------------
[debug] 
[debug] [2023-10-06T05:29:03.837Z] > command requires scopes: ["email","openid","https://www.googleapis.com/auth/cloudplatformprojects.readonly","https://www.googleapis.com/auth/firebase","https://www.googleapis.com/auth/cloud-platform"]
[debug] [2023-10-06T05:29:03.837Z] > authorizing via signed-in user (roulajeyjey@gmail.com)
[info] 
     ######## #### ########  ######## ########     ###     ######  ########
     ##        ##  ##     ## ##       ##     ##  ##   ##  ##       ##
     ######    ##  ########  ######   ########  #########  ######  ######
     ##        ##  ##    ##  ##       ##     ## ##     ##       ## ##
     ##       #### ##     ## ######## ########  ##     ##  ######  ########

You're about to initialize a Firebase project in this directory:

  C:\Users\CherryPie\Documents\project2 - Copy

[debug] [2023-10-06T05:29:46.176Z] ----------------------------------------------------------------------
[debug] [2023-10-06T05:29:46.178Z] Command:       C:\Program Files\nodejs\node.exe C:\Users\CherryPie\AppData\Roaming\npm\node_modules\firebase-tools\lib\bin\firebase.js init
[debug] [2023-10-06T05:29:46.179Z] CLI Version:   12.6.2
[debug] [2023-10-06T05:29:46.179Z] Platform:      win32
[debug] [2023-10-06T05:29:46.179Z] Node Version:  v20.3.0
[debug] [2023-10-06T05:29:46.179Z] Time:          Fri Oct 06 2023 08:29:46 GMT+0300 (Eastern European Summer Time)
[debug] [2023-10-06T05:29:46.179Z] ----------------------------------------------------------------------
[debug] 
[debug] [2023-10-06T05:29:46.185Z] > command requires scopes: ["email","openid","https://www.googleapis.com/auth/cloudplatformprojects.readonly","https://www.googleapis.com/auth/firebase","https://www.googleapis.com/auth/cloud-platform"]
[debug] [2023-10-06T05:29:46.186Z] > authorizing via signed-in user (roulajeyjey@gmail.com)
[info] 
     ######## #### ########  ######## ########     ###     ######  ########
     ##        ##  ##     ## ##       ##     ##  ##   ##  ##       ##
     ######    ##  ########  ######   ########  #########  ######  ######
     ##        ##  ##    ##  ##       ##     ## ##     ##       ## ##
     ##       #### ##     ## ######## ########  ##     ##  ######  ########

You're about to initialize a Firebase project in this directory:

  C:\Users\CherryPie\Documents\project2 - Copy

